[20Jan2025 00:00:08.822] [Server thread/INFO] [net.minecraft.server.MinecraftServer/]: durooo was slain by Nightmare Stalker
[20Jan2025 00:01:37.418] [Server thread/INFO] [net.minecraft.server.MinecraftServer/]: durooo has made the advancement [Sweet Dreams]
[20Jan2025 00:01:39.422] [Server thread/INFO] [net.minecraft.server.MinecraftServer/]: PanchikoKW has made the advancement [Monster Hunter]
[20Jan2025 00:02:12.224] [Server thread/INFO] [net.minecraft.server.MinecraftServer/]: durooo was slain by Decaying Zombie
[20Jan2025 00:02:12.339] [Netty Epoll Server IO #5/ERROR] [net.bettercombat.network.ServerNetwork/]: Server handling Packets.C2S_AttackRequest - No current attack hand!
[20Jan2025 00:02:12.339] [Netty Epoll Server IO #5/ERROR] [net.bettercombat.network.ServerNetwork/]: Combo count: 0 is dual wielding: false
[20Jan2025 00:02:12.340] [Netty Epoll Server IO #5/ERROR] [net.bettercombat.network.ServerNetwork/]: Main-hand stack: 1 air
[20Jan2025 00:02:12.340] [Netty Epoll Server IO #5/ERROR] [net.bettercombat.network.ServerNetwork/]: Off-hand stack: 1 air
[20Jan2025 00:02:12.340] [Netty Epoll Server IO #5/ERROR] [net.bettercombat.network.ServerNetwork/]: Selected slot server: 0 | client: 0
[20Jan2025 00:02:49.525] [Server thread/INFO] [net.minecraft.server.MinecraftServer/]: PanchikoKW has made the advancement [Local Brewery]
[20Jan2025 00:03:26.280] [Server thread/INFO] [net.minecraft.server.MinecraftServer/]: Lim0ncit0Dulce has made the advancement [Acquire Hardware]
[20Jan2025 00:05:02.320] [Server thread/INFO] [net.minecraft.server.MinecraftServer/]: Lim0ncit0Dulce has made the advancement [Isn't It Iron Pick]
[20Jan2025 00:09:17.519] [Server thread/INFO] [net.minecraft.server.MinecraftServer/]: durooo has made the advancement [Isn't It Iron Pick]
[20Jan2025 00:09:22.204] [Server thread/INFO] [net.minecraft.server.MinecraftServer/]: durooo has made the advancement [Acquire Hardware]
[20Jan2025 00:09:45.294] [VoiceChatPacketProcessingThread/INFO] [voicechat/]: [voicechat] Player 10ba40f4-9431-3355-8ffe-39de4b50c493 timed out
[20Jan2025 00:09:45.294] [VoiceChatPacketProcessingThread/INFO] [voicechat/]: [voicechat] Reconnecting player durooo
[20Jan2025 00:09:45.294] [VoiceChatPacketProcessingThread/INFO] [voicechat/]: [voicechat] Sent secret to durooo
[20Jan2025 00:09:45.982] [VoiceChatPacketProcessingThread/INFO] [voicechat/]: [voicechat] Successfully authenticated player 10ba40f4-9431-3355-8ffe-39de4b50c493
[20Jan2025 00:09:46.984] [VoiceChatPacketProcessingThread/INFO] [voicechat/]: [voicechat] Successfully validated connection of player 10ba40f4-9431-3355-8ffe-39de4b50c493
[20Jan2025 00:09:46.984] [VoiceChatPacketProcessingThread/INFO] [voicechat/]: [voicechat] Player durooo (10ba40f4-9431-3355-8ffe-39de4b50c493) successfully connected to voice chat
[20Jan2025 00:11:27.203] [Server thread/INFO] [net.minecraft.server.network.ServerGamePacketListenerImpl/]: PanchikoKW issued server command: /tpa alexis83
[20Jan2025 00:11:42.128] [Server thread/INFO] [net.minecraft.server.network.ServerGamePacketListenerImpl/]: alexis83 issued server command: /tpa PanchikoKW
[20Jan2025 00:11:49.625] [Server thread/INFO] [net.minecraft.server.network.ServerGamePacketListenerImpl/]: PanchikoKW issued server command: /tpaccept
