[19:43:16] [modloading-worker-0/INFO] ========================================
[19:43:16] [modloading-worker-0/INFO] Minecraft: 1.19.2
[19:43:16] [modloading-worker-0/INFO] Side: server
[19:43:16] [modloading-worker-0/INFO] Development: false
[19:43:16] [modloading-worker-0/INFO] Version: 9.2.784
[19:43:16] [modloading-worker-0/INFO] Loader:
[19:43:16] [modloading-worker-0/INFO] - Forge: 43.4.2
[19:43:16] [modloading-worker-0/INFO] Dependencies:
[19:43:16] [modloading-worker-0/INFO] - Cloth Config: 8.3.134
[19:43:16] [modloading-worker-0/INFO] - Architectury: 6.6.92
[19:43:16] [modloading-worker-0/INFO] Mixin: 0.8.5
[19:43:16] [modloading-worker-0/INFO] OS: Linux 6.5.0-1025-azure (amd64)
[19:43:16] [modloading-worker-0/INFO] Java: 21.0.4 (Microsoft)
[19:43:16] [modloading-worker-0/INFO] ========================================
[19:43:16] [modloading-worker-0/INFO] Mods:
[19:43:16] [modloading-worker-0/INFO] - alexsmobs: 1.20.2
[19:43:16] [modloading-worker-0/INFO] - ambientsounds: 5.2.13
[19:43:16] [modloading-worker-0/INFO] - architectury: 6.6.92
[19:43:16] [modloading-worker-0/INFO] - argentinas_delight: 1.1
[19:43:16] [modloading-worker-0/INFO] - balm: 4.6.0
[19:43:16] [modloading-worker-0/INFO] - bettercombat: 1.7.1+1.19
[19:43:16] [modloading-worker-0/INFO] - betterdungeons: 1.19.2-Forge-3.2.2
[19:43:16] [modloading-worker-0/INFO] - born_in_chaos_v1: 1.0.0
[19:43:16] [modloading-worker-0/INFO] - citadel: 2.1.1
[19:43:16] [modloading-worker-0/INFO] - cloth_config: 8.3.134
[19:43:16] [modloading-worker-0/INFO] - creativecore: 2.9.3
[19:43:16] [modloading-worker-0/INFO] - crittersandcompanions: 1.19.2-1.1.2
[19:43:16] [modloading-worker-0/INFO] - decorative_blocks: 3.0.0
[19:43:16] [modloading-worker-0/INFO] - dungeons_andtaverns_mr: 2.0.2
[19:43:16] [modloading-worker-0/INFO] - dungeons_arise: 2.1.54-1.19.2
[19:43:16] [modloading-worker-0/INFO] - endrem: 5.2.1-R-1.19.2
[19:43:16] [modloading-worker-0/INFO] - farmersdelight: 1.19.2-1.2.4
[19:43:16] [modloading-worker-0/INFO] - forge: 43.4.2
[19:43:16] [modloading-worker-0/INFO] - framedblocks: 6.8.6
[19:43:16] [modloading-worker-0/INFO] - fusion: 1.1.0c
[19:43:16] [modloading-worker-0/INFO] - geckolib3: 3.1.38
[19:43:16] [modloading-worker-0/INFO] - gravestone: 1.19.2-1.0.1
[19:43:16] [modloading-worker-0/INFO] - hmag: 6.1.8
[19:43:16] [modloading-worker-0/INFO] - incendium: 5.1.4
[19:43:16] [modloading-worker-0/INFO] - infernalexp: 2.5.1
[19:43:16] [modloading-worker-0/INFO] - knight_quest: 1.2.4
[19:43:16] [modloading-worker-0/INFO] - lumberjack: 2.3.3
[19:43:16] [modloading-worker-0/INFO] - mca: 7.5.14+1.19.2
[19:43:16] [modloading-worker-0/INFO] - minecraft: 1.19.2
[19:43:16] [modloading-worker-0/INFO] - mixinextras: 0.2.0-rc.4
[19:43:16] [modloading-worker-0/INFO] - moremobvariants: 1.3.0
[19:43:16] [modloading-worker-0/INFO] - notenoughanimations: 1.8.2
[19:43:16] [modloading-worker-0/INFO] - phantasm: 1.2.6.3
[19:43:16] [modloading-worker-0/INFO] - philipsruins: 4.4
[19:43:16] [modloading-worker-0/INFO] - playeranimator: 1.0.2
[19:43:16] [modloading-worker-0/INFO] - presencefootsteps: 1.19.2-1.6.4.1
[19:43:16] [modloading-worker-0/INFO] - rechiseled: 1.1.5c
[19:43:16] [modloading-worker-0/INFO] - roughlyenoughitems: 9.2.784
[19:43:16] [modloading-worker-0/INFO] - sereneseasons: 0.0NONE
[19:43:16] [modloading-worker-0/INFO] - shieldexp: 1.1.4
[19:43:16] [modloading-worker-0/INFO] - simplyswords: 1.47.0-1.19.2
[19:43:16] [modloading-worker-0/INFO] - sophisticatedbackpacks: 1.19.2-3.20.2.1035
[19:43:16] [modloading-worker-0/INFO] - sophisticatedcore: 1.19.2-0.6.4.730
[19:43:16] [modloading-worker-0/INFO] - supermartijn642configlib: 1.1.8
[19:43:16] [modloading-worker-0/INFO] - supermartijn642corelib: 1.1.16
[19:43:16] [modloading-worker-0/INFO] - t_and_t: 1.10
[19:43:16] [modloading-worker-0/INFO] - terralith: 0.0NONE
[19:43:16] [modloading-worker-0/INFO] - voicechat: 1.19.2-2.5.26
[19:43:16] [modloading-worker-0/INFO] - wandering_bags: 2.0.3
[19:43:16] [modloading-worker-0/INFO] - waystones: 11.4.2
[19:43:16] [modloading-worker-0/INFO] - yungsapi: 1.19.2-Forge-3.8.2
[19:43:16] [modloading-worker-0/INFO] ========================================
[19:43:16] [modloading-worker-0/INFO] [REI] Registered plugin provider DefaultPluginImpl [roughlyenoughitems] for REIServerPlugin
[19:43:16] [modloading-worker-0/INFO] [REI] Registered plugin provider DefaultPluginImpl [roughlyenoughitems] for REIPlugin
[19:43:16] [modloading-worker-0/INFO] [REI] Registered plugin provider DefaultRuntimePlugin [roughlyenoughitems] for REIServerPlugin
[19:43:16] [modloading-worker-0/INFO] [REI] Registered plugin provider DefaultRuntimePlugin [roughlyenoughitems] for REIPlugin
[19:43:29] [Worker-Main-2/DEBUG] [REI] Processed 0 tags in 107.8 μs for minecraft:worldgen/world_preset
[19:43:29] [Worker-Main-3/DEBUG] [REI] Processed 0 tags in 64.59 μs for minecraft:worldgen/structure
[19:43:29] [Worker-Main-2/DEBUG] [REI] Processed 0 tags in 83.04 μs for minecraft:worldgen/flat_level_generator_preset
[19:43:29] [Worker-Main-2/DEBUG] [REI] Processed 5 tags in 964.6 μs for minecraft:fluid
[19:43:29] [Worker-Main-3/DEBUG] [REI] Processed 5 tags in 3.272 ms for minecraft:game_event
[19:43:29] [Worker-Main-2/DEBUG] [REI] Processed 1 tags in 32.78 μs for minecraft:mob_effect
[19:43:29] [Worker-Main-2/DEBUG] [REI] Processed 2 tags in 14.19 μs for minecraft:enchantment
[19:43:29] [Worker-Main-2/DEBUG] [REI] Processed 100 tags in 640.0 μs for minecraft:entity_type
[19:43:29] [Worker-Main-1/DEBUG] [REI] Processed 0 tags in 162.3 μs for minecraft:worldgen/biome
[19:43:29] [Worker-Main-1/DEBUG] [REI] Processed 2 tags in 51.90 μs for minecraft:painting_variant
[19:43:29] [Worker-Main-1/DEBUG] [REI] Processed 3 tags in 101.5 μs for minecraft:point_of_interest_type
[19:43:29] [Worker-Main-1/DEBUG] [REI] Processed 2 tags in 346.9 μs for minecraft:cat_variant
[19:43:29] [Worker-Main-1/DEBUG] [REI] Processed 12 tags in 463.9 μs for minecraft:banner_pattern
[19:43:29] [Worker-Main-1/DEBUG] [REI] Processed 3 tags in 18.05 μs for minecraft:instrument
[19:43:29] [Worker-Main-3/DEBUG] [REI] Processed 513 tags in 8.695 ms for minecraft:block
[19:43:29] [Worker-Main-2/DEBUG] [REI] Processed 523 tags in 5.070 ms for minecraft:item
[19:43:31] [main/DEBUG] [REI] Starting Reload Plugins of stage null
java.lang.Throwable
	at TRANSFORMER/roughlyenoughitems@9.2.784/me.shedaniel.rei.impl.common.plugins.ReloadManagerImpl.reloadPlugins(ReloadManagerImpl.java:110)
	at TRANSFORMER/roughlyenoughitems@9.2.784/me.shedaniel.rei.RoughlyEnoughItemsCore.lambda$onInitialize$4(RoughlyEnoughItemsCore.java:159)
	at java.base/java.util.concurrent.CompletableFuture$UniRun.tryFire(CompletableFuture.java:787)
	at java.base/java.util.concurrent.CompletableFuture$Completion.run(CompletableFuture.java:482)
	at TRANSFORMER/minecraft@1.19.2/net.minecraft.server.packs.resources.SimpleReloadInstance.m_143940_(SimpleReloadInstance.java:69)
	at TRANSFORMER/minecraft@1.19.2/net.minecraft.Util.m_214652_(Util.java:781)
	at TRANSFORMER/minecraft@1.19.2/net.minecraft.Util.m_214679_(Util.java:770)
	at TRANSFORMER/minecraft@1.19.2/net.minecraft.server.Main.main(Main.java:157)
	at java.base/jdk.internal.reflect.DirectMethodHandleAccessor.invoke(DirectMethodHandleAccessor.java:103)
	at java.base/java.lang.reflect.Method.invoke(Method.java:580)
	at MC-BOOTSTRAP/fmlloader@1.19.2-43.4.2/net.minecraftforge.fml.loading.targets.CommonServerLaunchHandler.lambda$launchService$0(CommonServerLaunchHandler.java:29)
	at MC-BOOTSTRAP/cpw.mods.modlauncher@10.0.8/cpw.mods.modlauncher.LaunchServiceHandlerDecorator.launch(LaunchServiceHandlerDecorator.java:30)
	at MC-BOOTSTRAP/cpw.mods.modlauncher@10.0.8/cpw.mods.modlauncher.LaunchServiceHandler.launch(LaunchServiceHandler.java:53)
	at MC-BOOTSTRAP/cpw.mods.modlauncher@10.0.8/cpw.mods.modlauncher.LaunchServiceHandler.launch(LaunchServiceHandler.java:71)
	at MC-BOOTSTRAP/cpw.mods.modlauncher@10.0.8/cpw.mods.modlauncher.Launcher.run(Launcher.java:106)
	at MC-BOOTSTRAP/cpw.mods.modlauncher@10.0.8/cpw.mods.modlauncher.Launcher.main(Launcher.java:77)
	at MC-BOOTSTRAP/cpw.mods.modlauncher@10.0.8/cpw.mods.modlauncher.BootstrapLaunchConsumer.accept(BootstrapLaunchConsumer.java:26)
	at MC-BOOTSTRAP/cpw.mods.modlauncher@10.0.8/cpw.mods.modlauncher.BootstrapLaunchConsumer.accept(BootstrapLaunchConsumer.java:23)
	at cpw.mods.bootstraplauncher@1.1.2/cpw.mods.bootstraplauncher.BootstrapLauncher.main(BootstrapLauncher.java:141)
[19:43:32] [main/DEBUG] [REI] ========================================
[19:43:32] [main/DEBUG] [REI] REIPlugin starting pre-reload for START.
[19:43:32] [main/DEBUG] [REI] Reloadables (7):
[19:43:32] [main/DEBUG] [REI]  - EntryTypeRegistryImpl
[19:43:32] [main/DEBUG] [REI]  - EntrySettingsAdapterRegistryImpl
[19:43:32] [main/DEBUG] [REI]  - RecipeManagerContextImpl
[19:43:32] [main/DEBUG] [REI]  - ItemComparatorRegistryImpl
[19:43:32] [main/DEBUG] [REI]  - FluidComparatorRegistryImpl
[19:43:32] [main/DEBUG] [REI]  - DisplaySerializerRegistryImpl
[19:43:32] [main/DEBUG] [REI]  - FluidSupportProviderImpl
[19:43:32] [main/DEBUG] [REI] Plugins (2):
[19:43:32] [main/DEBUG] [REI]  - (-100.00) DefaultPluginImpl of DefaultPluginImpl [roughlyenoughitems]
[19:43:32] [main/DEBUG] [REI]  - (0.00) DefaultRuntimePlugin of DefaultRuntimePlugin [roughlyenoughitems]
[19:43:32] [main/DEBUG] [REI] ========================================
[19:43:32] [main/TRACE] [REI] [REIPlugin START] Reloading Section: "pre-register/"
[19:43:32] [main/TRACE] [REI] [REIPlugin START] Reloading Section: "pre-register/DefaultPluginImpl of DefaultPluginImpl [roughlyenoughitems]/"
[19:43:32] [main/TRACE] [REI] [REIPlugin START] Reloading Section: "pre-register/DefaultPluginImpl of DefaultPluginImpl [roughlyenoughitems]/" done in 1.107 ms
[19:43:32] [main/TRACE] [REI] [REIPlugin START] Reloading Section: "pre-register/DefaultRuntimePlugin of DefaultRuntimePlugin [roughlyenoughitems]/"
[19:43:32] [main/TRACE] [REI] [REIPlugin START] Reloading Section: "pre-register/DefaultRuntimePlugin of DefaultRuntimePlugin [roughlyenoughitems]/" done in 154.4 μs
[19:43:32] [main/TRACE] [REI] [REIPlugin START] Reloading Section: "pre-register/" done in 10.73 ms
[19:43:32] [main/TRACE] [REI] [REIPlugin START] Reloading Section: "pre-stage/"
[19:43:32] [main/TRACE] [REI] [REIPlugin START] Reloading Section: "pre-stage/EntryTypeRegistryImpl/"
[19:43:32] [main/TRACE] [REI] [REIPlugin START] Reloading Section: "pre-stage/EntryTypeRegistryImpl/" done in 317.6 μs
[19:43:32] [main/TRACE] [REI] [REIPlugin START] Reloading Section: "pre-stage/EntrySettingsAdapterRegistryImpl/"
[19:43:32] [main/TRACE] [REI] [REIPlugin START] Reloading Section: "pre-stage/EntrySettingsAdapterRegistryImpl/" done in 145.8 μs
[19:43:32] [main/TRACE] [REI] [REIPlugin START] Reloading Section: "pre-stage/RecipeManagerContextImpl/"
[19:43:32] [main/TRACE] [REI] [REIPlugin START] Reloading Section: "pre-stage/RecipeManagerContextImpl/" done in 136.5 μs
[19:43:32] [main/TRACE] [REI] [REIPlugin START] Reloading Section: "pre-stage/ItemComparatorRegistryImpl/"
[19:43:32] [main/TRACE] [REI] [REIPlugin START] Reloading Section: "pre-stage/ItemComparatorRegistryImpl/" done in 137.0 μs
[19:43:32] [main/TRACE] [REI] [REIPlugin START] Reloading Section: "pre-stage/FluidComparatorRegistryImpl/"
[19:43:32] [main/TRACE] [REI] [REIPlugin START] Reloading Section: "pre-stage/FluidComparatorRegistryImpl/" done in 194.1 μs
[19:43:32] [main/TRACE] [REI] [REIPlugin START] Reloading Section: "pre-stage/DisplaySerializerRegistryImpl/"
[19:43:32] [main/TRACE] [REI] [REIPlugin START] Reloading Section: "pre-stage/DisplaySerializerRegistryImpl/" done in 196.6 μs
[19:43:32] [main/TRACE] [REI] [REIPlugin START] Reloading Section: "pre-stage/FluidSupportProviderImpl/"
[19:43:32] [main/TRACE] [REI] [REIPlugin START] Reloading Section: "pre-stage/FluidSupportProviderImpl/" done in 176.7 μs
[19:43:32] [main/TRACE] [REI] [REIPlugin START] Reloading Section: "pre-stage/" done in 3.011 ms
[19:43:32] [main/DEBUG] [REI] ========================================
[19:43:32] [main/DEBUG] [REI] REIPlugin finished pre-reload for START in 14.50 ms.
[19:43:32] [main/DEBUG] [REI] ========================================
[19:43:32] [main/DEBUG] [REI] ========================================
[19:43:32] [main/DEBUG] [REI] REIServerPlugin starting pre-reload for START.
[19:43:32] [main/DEBUG] [REI] Reloadables (2):
[19:43:32] [main/DEBUG] [REI]  - MenuInfoRegistryImpl
[19:43:32] [main/DEBUG] [REI]  - SlotAccessorRegistryImpl
[19:43:32] [main/DEBUG] [REI] Plugins (2):
[19:43:32] [main/DEBUG] [REI]  - (-100.00) DefaultPluginImpl of DefaultPluginImpl [roughlyenoughitems]
[19:43:32] [main/DEBUG] [REI]  - (0.00) DefaultRuntimePlugin of DefaultRuntimePlugin [roughlyenoughitems]
[19:43:32] [main/DEBUG] [REI] ========================================
[19:43:32] [main/TRACE] [REI] [REIServerPlugin START] Reloading Section: "pre-register/"
[19:43:32] [main/TRACE] [REI] [REIServerPlugin START] Reloading Section: "pre-register/DefaultPluginImpl of DefaultPluginImpl [roughlyenoughitems]/"
[19:43:32] [main/TRACE] [REI] [REIServerPlugin START] Reloading Section: "pre-register/DefaultPluginImpl of DefaultPluginImpl [roughlyenoughitems]/" done in 168.8 μs
[19:43:32] [main/TRACE] [REI] [REIServerPlugin START] Reloading Section: "pre-register/DefaultRuntimePlugin of DefaultRuntimePlugin [roughlyenoughitems]/"
[19:43:32] [main/TRACE] [REI] [REIServerPlugin START] Reloading Section: "pre-register/DefaultRuntimePlugin of DefaultRuntimePlugin [roughlyenoughitems]/" done in 127.3 μs
[19:43:32] [main/TRACE] [REI] [REIServerPlugin START] Reloading Section: "pre-register/" done in 835.1 μs
[19:43:32] [main/TRACE] [REI] [REIServerPlugin START] Reloading Section: "pre-stage/"
[19:43:32] [main/TRACE] [REI] [REIServerPlugin START] Reloading Section: "pre-stage/MenuInfoRegistryImpl/"
[19:43:32] [main/TRACE] [REI] [REIServerPlugin START] Reloading Section: "pre-stage/MenuInfoRegistryImpl/" done in 135.2 μs
[19:43:32] [main/TRACE] [REI] [REIServerPlugin START] Reloading Section: "pre-stage/SlotAccessorRegistryImpl/"
[19:43:32] [main/TRACE] [REI] [REIServerPlugin START] Reloading Section: "pre-stage/SlotAccessorRegistryImpl/" done in 106.1 μs
[19:43:32] [main/TRACE] [REI] [REIServerPlugin START] Reloading Section: "pre-stage/" done in 668.1 μs
[19:43:32] [main/DEBUG] [REI] ========================================
[19:43:32] [main/DEBUG] [REI] REIServerPlugin finished pre-reload for START in 1.780 ms.
[19:43:32] [main/DEBUG] [REI] ========================================
[19:43:32] [main/INFO] [REI] ****************************************
[19:43:32] [main/INFO] [REI] REIPlugin starting main-reload for START.
[19:43:32] [main/DEBUG] [REI] Reloadables (7):
[19:43:32] [main/DEBUG] [REI]  - EntryTypeRegistryImpl
[19:43:32] [main/DEBUG] [REI]  - EntrySettingsAdapterRegistryImpl
[19:43:32] [main/DEBUG] [REI]  - RecipeManagerContextImpl
[19:43:32] [main/DEBUG] [REI]  - ItemComparatorRegistryImpl
[19:43:32] [main/DEBUG] [REI]  - FluidComparatorRegistryImpl
[19:43:32] [main/DEBUG] [REI]  - DisplaySerializerRegistryImpl
[19:43:32] [main/DEBUG] [REI]  - FluidSupportProviderImpl
[19:43:32] [main/INFO] [REI] Plugins (2):
[19:43:32] [main/INFO] [REI]  - (-100.00) DefaultPluginImpl of DefaultPluginImpl [roughlyenoughitems]
[19:43:32] [main/INFO] [REI]  - (0.00) DefaultRuntimePlugin of DefaultRuntimePlugin [roughlyenoughitems]
[19:43:32] [main/INFO] [REI] ****************************************
[19:43:32] [main/TRACE] [REI] [REIPlugin START] Reloading Section: "start-reload/"
[19:43:32] [main/TRACE] [REI] [REIPlugin START] Reloading Section: "start-reload/EntryTypeRegistryImpl/"
[19:43:32] [main/TRACE] [REI] [REIPlugin START] Reloading Section: "start-reload/EntryTypeRegistryImpl/" done in 181.2 μs
[19:43:32] [main/TRACE] [REI] [REIPlugin START] Reloading Section: "start-reload/EntrySettingsAdapterRegistryImpl/"
[19:43:32] [main/TRACE] [REI] [REIPlugin START] Reloading Section: "start-reload/EntrySettingsAdapterRegistryImpl/" done in 122.8 μs
[19:43:32] [main/TRACE] [REI] [REIPlugin START] Reloading Section: "start-reload/RecipeManagerContextImpl/"
[19:43:32] [main/TRACE] [REI] [REIPlugin START] Reloading Section: "start-reload/RecipeManagerContextImpl/" done in 99.11 μs
[19:43:32] [main/TRACE] [REI] [REIPlugin START] Reloading Section: "start-reload/ItemComparatorRegistryImpl/"
[19:43:32] [main/TRACE] [REI] [REIPlugin START] Reloading Section: "start-reload/ItemComparatorRegistryImpl/" done in 135.0 μs
[19:43:32] [main/TRACE] [REI] [REIPlugin START] Reloading Section: "start-reload/FluidComparatorRegistryImpl/"
[19:43:32] [main/TRACE] [REI] [REIPlugin START] Reloading Section: "start-reload/FluidComparatorRegistryImpl/" done in 105.9 μs
[19:43:32] [main/TRACE] [REI] [REIPlugin START] Reloading Section: "start-reload/DisplaySerializerRegistryImpl/"
[19:43:32] [main/TRACE] [REI] [REIPlugin START] Reloading Section: "start-reload/DisplaySerializerRegistryImpl/" done in 83.36 μs
[19:43:32] [main/TRACE] [REI] [REIPlugin START] Reloading Section: "start-reload/FluidSupportProviderImpl/"
[19:43:32] [main/TRACE] [REI] [REIPlugin START] Reloading Section: "start-reload/FluidSupportProviderImpl/" done in 114.1 μs
[19:43:32] [main/TRACE] [REI] [REIPlugin START] Reloading Section: "start-reload/" done in 2.105 ms
[19:43:32] [main/DEBUG] [REI] ========================================
[19:43:32] [main/DEBUG] [REI] REIPlugin started main-reload for START.
[19:43:32] [main/DEBUG] [REI] ========================================
[19:43:32] [main/TRACE] [REI] [REIPlugin START] Reloading Section: "reloadable-plugin/EntryTypeRegistryImpl/"
[19:43:32] [main/TRACE] [REI] [REIPlugin START] Reloading Section: "reloadable-plugin/EntryTypeRegistryImpl/DefaultPluginImpl of DefaultPluginImpl [roughlyenoughitems]/"
[19:43:32] [main/TRACE] [REI] [REIPlugin START] Reloading Section: "reloadable-plugin/EntryTypeRegistryImpl/DefaultPluginImpl of DefaultPluginImpl [roughlyenoughitems]/" done in 416.8 μs
[19:43:32] [main/TRACE] [REI] [REIPlugin START] Reloading Section: "reloadable-plugin/EntryTypeRegistryImpl/DefaultRuntimePlugin of DefaultRuntimePlugin [roughlyenoughitems]/"
[19:43:32] [main/TRACE] [REI] [REIPlugin START] Reloading Section: "reloadable-plugin/EntryTypeRegistryImpl/DefaultRuntimePlugin of DefaultRuntimePlugin [roughlyenoughitems]/" done in 9.957 ms
[19:43:32] [main/TRACE] [REI] [REIPlugin START] Reloading Section: "reloadable-plugin/EntryTypeRegistryImpl/" done in 11.96 ms
[19:43:32] [main/TRACE] [REI] [REIPlugin START] Reloading Section: "reloadable-plugin/EntrySettingsAdapterRegistryImpl/"
[19:43:32] [main/TRACE] [REI] [REIPlugin START] Reloading Section: "reloadable-plugin/EntrySettingsAdapterRegistryImpl/DefaultPluginImpl of DefaultPluginImpl [roughlyenoughitems]/"
[19:43:32] [main/TRACE] [REI] [REIPlugin START] Reloading Section: "reloadable-plugin/EntrySettingsAdapterRegistryImpl/DefaultPluginImpl of DefaultPluginImpl [roughlyenoughitems]/" done in 83.16 μs
[19:43:32] [main/TRACE] [REI] [REIPlugin START] Reloading Section: "reloadable-plugin/EntrySettingsAdapterRegistryImpl/DefaultRuntimePlugin of DefaultRuntimePlugin [roughlyenoughitems]/"
[19:43:32] [main/TRACE] [REI] [REIPlugin START] Reloading Section: "reloadable-plugin/EntrySettingsAdapterRegistryImpl/DefaultRuntimePlugin of DefaultRuntimePlugin [roughlyenoughitems]/" done in 70.61 μs
[19:43:32] [main/TRACE] [REI] [REIPlugin START] Reloading Section: "reloadable-plugin/EntrySettingsAdapterRegistryImpl/" done in 513.9 μs
[19:43:32] [main/TRACE] [REI] [REIPlugin START] Reloading Section: "reloadable-plugin/RecipeManagerContextImpl/"
[19:43:32] [main/TRACE] [REI] [REIPlugin START] Reloading Section: "reloadable-plugin/RecipeManagerContextImpl/DefaultPluginImpl of DefaultPluginImpl [roughlyenoughitems]/"
[19:43:32] [main/TRACE] [REI] [REIPlugin START] Reloading Section: "reloadable-plugin/RecipeManagerContextImpl/DefaultPluginImpl of DefaultPluginImpl [roughlyenoughitems]/" done in 73.33 μs
[19:43:32] [main/TRACE] [REI] [REIPlugin START] Reloading Section: "reloadable-plugin/RecipeManagerContextImpl/DefaultRuntimePlugin of DefaultRuntimePlugin [roughlyenoughitems]/"
[19:43:32] [main/TRACE] [REI] [REIPlugin START] Reloading Section: "reloadable-plugin/RecipeManagerContextImpl/DefaultRuntimePlugin of DefaultRuntimePlugin [roughlyenoughitems]/" done in 66.19 μs
[19:43:32] [main/TRACE] [REI] [REIPlugin START] Reloading Section: "reloadable-plugin/RecipeManagerContextImpl/" done in 432.4 μs
[19:43:32] [main/TRACE] [REI] [REIPlugin START] Reloading Section: "reloadable-plugin/ItemComparatorRegistryImpl/"
[19:43:32] [main/TRACE] [REI] [REIPlugin START] Reloading Section: "reloadable-plugin/ItemComparatorRegistryImpl/DefaultPluginImpl of DefaultPluginImpl [roughlyenoughitems]/"
[19:43:32] [main/TRACE] [REI] [REIPlugin START] Reloading Section: "reloadable-plugin/ItemComparatorRegistryImpl/DefaultPluginImpl of DefaultPluginImpl [roughlyenoughitems]/" done in 1.132 ms
[19:43:32] [main/TRACE] [REI] [REIPlugin START] Reloading Section: "reloadable-plugin/ItemComparatorRegistryImpl/DefaultRuntimePlugin of DefaultRuntimePlugin [roughlyenoughitems]/"
[19:43:32] [main/TRACE] [REI] [REIPlugin START] Reloading Section: "reloadable-plugin/ItemComparatorRegistryImpl/DefaultRuntimePlugin of DefaultRuntimePlugin [roughlyenoughitems]/" done in 63.84 μs
[19:43:32] [main/TRACE] [REI] [REIPlugin START] Reloading Section: "reloadable-plugin/ItemComparatorRegistryImpl/" done in 1.567 ms
[19:43:32] [main/TRACE] [REI] [REIPlugin START] Reloading Section: "reloadable-plugin/FluidComparatorRegistryImpl/"
[19:43:32] [main/TRACE] [REI] [REIPlugin START] Reloading Section: "reloadable-plugin/FluidComparatorRegistryImpl/DefaultPluginImpl of DefaultPluginImpl [roughlyenoughitems]/"
[19:43:32] [main/TRACE] [REI] [REIPlugin START] Reloading Section: "reloadable-plugin/FluidComparatorRegistryImpl/DefaultPluginImpl of DefaultPluginImpl [roughlyenoughitems]/" done in 67.53 μs
[19:43:32] [main/TRACE] [REI] [REIPlugin START] Reloading Section: "reloadable-plugin/FluidComparatorRegistryImpl/DefaultRuntimePlugin of DefaultRuntimePlugin [roughlyenoughitems]/"
[19:43:32] [main/TRACE] [REI] [REIPlugin START] Reloading Section: "reloadable-plugin/FluidComparatorRegistryImpl/DefaultRuntimePlugin of DefaultRuntimePlugin [roughlyenoughitems]/" done in 58.64 μs
[19:43:32] [main/TRACE] [REI] [REIPlugin START] Reloading Section: "reloadable-plugin/FluidComparatorRegistryImpl/" done in 405.4 μs
[19:43:32] [main/TRACE] [REI] [REIPlugin START] Reloading Section: "reloadable-plugin/DisplaySerializerRegistryImpl/"
[19:43:32] [main/TRACE] [REI] [REIPlugin START] Reloading Section: "reloadable-plugin/DisplaySerializerRegistryImpl/DefaultPluginImpl of DefaultPluginImpl [roughlyenoughitems]/"
[19:43:32] [main/TRACE] [REI] [REIPlugin START] Reloading Section: "reloadable-plugin/DisplaySerializerRegistryImpl/DefaultPluginImpl of DefaultPluginImpl [roughlyenoughitems]/" done in 59.93 μs
[19:43:32] [main/TRACE] [REI] [REIPlugin START] Reloading Section: "reloadable-plugin/DisplaySerializerRegistryImpl/DefaultRuntimePlugin of DefaultRuntimePlugin [roughlyenoughitems]/"
[19:43:32] [main/TRACE] [REI] [REIPlugin START] Reloading Section: "reloadable-plugin/DisplaySerializerRegistryImpl/DefaultRuntimePlugin of DefaultRuntimePlugin [roughlyenoughitems]/" done in 58.99 μs
[19:43:32] [main/TRACE] [REI] [REIPlugin START] Reloading Section: "reloadable-plugin/DisplaySerializerRegistryImpl/" done in 432.3 μs
[19:43:32] [main/TRACE] [REI] [REIPlugin START] Reloading Section: "reloadable-plugin/FluidSupportProviderImpl/"
[19:43:32] [main/TRACE] [REI] [REIPlugin START] Reloading Section: "reloadable-plugin/FluidSupportProviderImpl/DefaultPluginImpl of DefaultPluginImpl [roughlyenoughitems]/"
[19:43:32] [main/TRACE] [REI] [REIPlugin START] Reloading Section: "reloadable-plugin/FluidSupportProviderImpl/DefaultPluginImpl of DefaultPluginImpl [roughlyenoughitems]/" done in 564.7 μs
[19:43:32] [main/TRACE] [REI] [REIPlugin START] Reloading Section: "reloadable-plugin/FluidSupportProviderImpl/DefaultRuntimePlugin of DefaultRuntimePlugin [roughlyenoughitems]/"
[19:43:32] [main/TRACE] [REI] [REIPlugin START] Reloading Section: "reloadable-plugin/FluidSupportProviderImpl/DefaultRuntimePlugin of DefaultRuntimePlugin [roughlyenoughitems]/" done in 71.72 μs
[19:43:32] [main/TRACE] [REI] [REIPlugin START] Reloading Section: "reloadable-plugin/FluidSupportProviderImpl/" done in 961.6 μs
[19:43:32] [main/DEBUG] [REI] ========================================
[19:43:32] [main/DEBUG] [REI] REIPlugin ending main-reload for START.
[19:43:32] [main/DEBUG] [REI] ========================================
[19:43:32] [main/TRACE] [REI] [REIPlugin START] Reloading Section: "end-reload/"
[19:43:32] [main/TRACE] [REI] [REIPlugin START] Reloading Section: "end-reload/EntryTypeRegistryImpl/"
[19:43:32] [main/TRACE] [REI] [REIPlugin START] Reloading Section: "end-reload/EntryTypeRegistryImpl/" done in 83.59 μs
[19:43:32] [main/TRACE] [REI] [REIPlugin START] Reloading Section: "end-reload/EntrySettingsAdapterRegistryImpl/"
[19:43:32] [main/TRACE] [REI] [REIPlugin START] Reloading Section: "end-reload/EntrySettingsAdapterRegistryImpl/" done in 58.82 μs
[19:43:32] [main/TRACE] [REI] [REIPlugin START] Reloading Section: "end-reload/RecipeManagerContextImpl/"
[19:43:32] [main/TRACE] [REI] [REIPlugin START] Reloading Section: "end-reload/RecipeManagerContextImpl/" done in 58.27 μs
[19:43:32] [main/TRACE] [REI] [REIPlugin START] Reloading Section: "end-reload/ItemComparatorRegistryImpl/"
[19:43:32] [main/TRACE] [REI] [REIPlugin START] Reloading Section: "end-reload/ItemComparatorRegistryImpl/" done in 60.30 μs
[19:43:32] [main/TRACE] [REI] [REIPlugin START] Reloading Section: "end-reload/FluidComparatorRegistryImpl/"
[19:43:32] [main/TRACE] [REI] [REIPlugin START] Reloading Section: "end-reload/FluidComparatorRegistryImpl/" done in 59.05 μs
[19:43:32] [main/TRACE] [REI] [REIPlugin START] Reloading Section: "end-reload/DisplaySerializerRegistryImpl/"
[19:43:32] [main/TRACE] [REI] [REIPlugin START] Reloading Section: "end-reload/DisplaySerializerRegistryImpl/" done in 59.79 μs
[19:43:32] [main/TRACE] [REI] [REIPlugin START] Reloading Section: "end-reload/FluidSupportProviderImpl/"
[19:43:32] [main/TRACE] [REI] [REIPlugin START] Reloading Section: "end-reload/FluidSupportProviderImpl/" done in 57.80 μs
[19:43:32] [main/TRACE] [REI] [REIPlugin START] Reloading Section: "end-reload/" done in 1.194 ms
[19:43:32] [main/DEBUG] [REI] ========================================
[19:43:32] [main/DEBUG] [REI] REIPlugin ended main-reload for START in 24.57 ms.
[19:43:32] [main/DEBUG] [REI] ========================================
[19:43:32] [main/INFO] [REI] @@@@@@@@@@@@@@@@@@@@@@@@@@@@@@@@@@@@@@@@
[19:43:32] [main/INFO] [REI] REIServerPlugin starting main-reload for START.
[19:43:32] [main/DEBUG] [REI] Reloadables (2):
[19:43:32] [main/DEBUG] [REI]  - MenuInfoRegistryImpl
[19:43:32] [main/DEBUG] [REI]  - SlotAccessorRegistryImpl
[19:43:32] [main/INFO] [REI] Plugins (2):
[19:43:32] [main/INFO] [REI]  - (-100.00) DefaultPluginImpl of DefaultPluginImpl [roughlyenoughitems]
[19:43:32] [main/INFO] [REI]  - (0.00) DefaultRuntimePlugin of DefaultRuntimePlugin [roughlyenoughitems]
[19:43:32] [main/INFO] [REI] @@@@@@@@@@@@@@@@@@@@@@@@@@@@@@@@@@@@@@@@
[19:43:32] [main/TRACE] [REI] [REIServerPlugin START] Reloading Section: "start-reload/"
[19:43:32] [main/TRACE] [REI] [REIServerPlugin START] Reloading Section: "start-reload/MenuInfoRegistryImpl/"
[19:43:32] [main/TRACE] [REI] [REIServerPlugin START] Reloading Section: "start-reload/MenuInfoRegistryImpl/" done in 54.11 μs
[19:43:32] [main/TRACE] [REI] [REIServerPlugin START] Reloading Section: "start-reload/SlotAccessorRegistryImpl/"
[19:43:32] [main/TRACE] [REI] [REIServerPlugin START] Reloading Section: "start-reload/SlotAccessorRegistryImpl/" done in 54.47 μs
[19:43:32] [main/TRACE] [REI] [REIServerPlugin START] Reloading Section: "start-reload/" done in 378.0 μs
[19:43:32] [main/DEBUG] [REI] ========================================
[19:43:32] [main/DEBUG] [REI] REIServerPlugin started main-reload for START.
[19:43:32] [main/DEBUG] [REI] ========================================
[19:43:32] [main/TRACE] [REI] [REIServerPlugin START] Reloading Section: "reloadable-plugin/MenuInfoRegistryImpl/"
[19:43:32] [main/TRACE] [REI] [REIServerPlugin START] Reloading Section: "reloadable-plugin/MenuInfoRegistryImpl/DefaultPluginImpl of DefaultPluginImpl [roughlyenoughitems]/"
[19:43:32] [main/TRACE] [REI] [REIServerPlugin START] Reloading Section: "reloadable-plugin/MenuInfoRegistryImpl/DefaultPluginImpl of DefaultPluginImpl [roughlyenoughitems]/" done in 56.12 μs
[19:43:32] [main/TRACE] [REI] [REIServerPlugin START] Reloading Section: "reloadable-plugin/MenuInfoRegistryImpl/DefaultRuntimePlugin of DefaultRuntimePlugin [roughlyenoughitems]/"
[19:43:32] [main/TRACE] [REI] [REIServerPlugin START] Reloading Section: "reloadable-plugin/MenuInfoRegistryImpl/DefaultRuntimePlugin of DefaultRuntimePlugin [roughlyenoughitems]/" done in 55.71 μs
[19:43:32] [main/TRACE] [REI] [REIServerPlugin START] Reloading Section: "reloadable-plugin/MenuInfoRegistryImpl/" done in 373.8 μs
[19:43:32] [main/TRACE] [REI] [REIServerPlugin START] Reloading Section: "reloadable-plugin/SlotAccessorRegistryImpl/"
[19:43:32] [main/TRACE] [REI] [REIServerPlugin START] Reloading Section: "reloadable-plugin/SlotAccessorRegistryImpl/DefaultPluginImpl of DefaultPluginImpl [roughlyenoughitems]/"
[19:43:32] [main/TRACE] [REI] [REIServerPlugin START] Reloading Section: "reloadable-plugin/SlotAccessorRegistryImpl/DefaultPluginImpl of DefaultPluginImpl [roughlyenoughitems]/" done in 54.66 μs
[19:43:32] [main/TRACE] [REI] [REIServerPlugin START] Reloading Section: "reloadable-plugin/SlotAccessorRegistryImpl/DefaultRuntimePlugin of DefaultRuntimePlugin [roughlyenoughitems]/"
[19:43:32] [main/TRACE] [REI] [REIServerPlugin START] Reloading Section: "reloadable-plugin/SlotAccessorRegistryImpl/DefaultRuntimePlugin of DefaultRuntimePlugin [roughlyenoughitems]/" done in 55.45 μs
[19:43:32] [main/TRACE] [REI] [REIServerPlugin START] Reloading Section: "reloadable-plugin/SlotAccessorRegistryImpl/" done in 438.5 μs
[19:43:32] [main/DEBUG] [REI] ========================================
[19:43:32] [main/DEBUG] [REI] REIServerPlugin ending main-reload for START.
[19:43:32] [main/DEBUG] [REI] ========================================
[19:43:32] [main/TRACE] [REI] [REIServerPlugin START] Reloading Section: "end-reload/"
[19:43:32] [main/TRACE] [REI] [REIServerPlugin START] Reloading Section: "end-reload/MenuInfoRegistryImpl/"
[19:43:32] [main/TRACE] [REI] [REIServerPlugin START] Reloading Section: "end-reload/MenuInfoRegistryImpl/" done in 54.69 μs
[19:43:32] [main/TRACE] [REI] [REIServerPlugin START] Reloading Section: "end-reload/SlotAccessorRegistryImpl/"
[19:43:32] [main/TRACE] [REI] [REIServerPlugin START] Reloading Section: "end-reload/SlotAccessorRegistryImpl/" done in 51.05 μs
[19:43:32] [main/TRACE] [REI] [REIServerPlugin START] Reloading Section: "end-reload/" done in 337.2 μs
[19:43:32] [main/DEBUG] [REI] ========================================
[19:43:32] [main/DEBUG] [REI] REIServerPlugin ended main-reload for START in 4.442 ms.
[19:43:32] [main/DEBUG] [REI] ========================================
[19:43:32] [main/DEBUG] [REI] ========================================
[19:43:32] [main/DEBUG] [REI] REIPlugin starting post-reload for START.
[19:43:32] [main/DEBUG] [REI] Reloadables (7):
[19:43:32] [main/DEBUG] [REI]  - EntryTypeRegistryImpl
[19:43:32] [main/DEBUG] [REI]  - EntrySettingsAdapterRegistryImpl
[19:43:32] [main/DEBUG] [REI]  - RecipeManagerContextImpl
[19:43:32] [main/DEBUG] [REI]  - ItemComparatorRegistryImpl
[19:43:32] [main/DEBUG] [REI]  - FluidComparatorRegistryImpl
[19:43:32] [main/DEBUG] [REI]  - DisplaySerializerRegistryImpl
[19:43:32] [main/DEBUG] [REI]  - FluidSupportProviderImpl
[19:43:32] [main/DEBUG] [REI] Plugins (2):
[19:43:32] [main/DEBUG] [REI]  - (-100.00) DefaultPluginImpl of DefaultPluginImpl [roughlyenoughitems]
[19:43:32] [main/DEBUG] [REI]  - (0.00) DefaultRuntimePlugin of DefaultRuntimePlugin [roughlyenoughitems]
[19:43:32] [main/DEBUG] [REI] ========================================
[19:43:32] [main/TRACE] [REI] [REIPlugin START] Reloading Section: "post-register/"
[19:43:32] [main/TRACE] [REI] [REIPlugin START] Reloading Section: "post-register/DefaultPluginImpl of DefaultPluginImpl [roughlyenoughitems]/"
[19:43:32] [main/TRACE] [REI] [REIPlugin START] Reloading Section: "post-register/DefaultPluginImpl of DefaultPluginImpl [roughlyenoughitems]/" done in 466.0 μs
[19:43:32] [main/TRACE] [REI] [REIPlugin START] Reloading Section: "post-register/DefaultRuntimePlugin of DefaultRuntimePlugin [roughlyenoughitems]/"
[19:43:32] [main/TRACE] [REI] [REIPlugin START] Reloading Section: "post-register/DefaultRuntimePlugin of DefaultRuntimePlugin [roughlyenoughitems]/" done in 56.85 μs
[19:43:32] [main/TRACE] [REI] [REIPlugin START] Reloading Section: "post-register/" done in 1.005 ms
[19:43:32] [main/TRACE] [REI] [REIPlugin START] Reloading Section: "post-stage/"
[19:43:32] [main/TRACE] [REI] [REIPlugin START] Reloading Section: "post-stage/EntryTypeRegistryImpl/"
[19:43:32] [main/TRACE] [REI] [REIPlugin START] Reloading Section: "post-stage/EntryTypeRegistryImpl/" done in 67.41 μs
[19:43:32] [main/TRACE] [REI] [REIPlugin START] Reloading Section: "post-stage/EntrySettingsAdapterRegistryImpl/"
[19:43:32] [main/TRACE] [REI] [REIPlugin START] Reloading Section: "post-stage/EntrySettingsAdapterRegistryImpl/" done in 67.39 μs
[19:43:32] [main/TRACE] [REI] [REIPlugin START] Reloading Section: "post-stage/RecipeManagerContextImpl/"
[19:43:32] [main/TRACE] [REI] [REIPlugin START] Reloading Section: "post-stage/RecipeManagerContextImpl/" done in 57.19 μs
[19:43:32] [main/TRACE] [REI] [REIPlugin START] Reloading Section: "post-stage/ItemComparatorRegistryImpl/"
[19:43:32] [main/TRACE] [REI] [REIPlugin START] Reloading Section: "post-stage/ItemComparatorRegistryImpl/" done in 49.06 μs
[19:43:32] [main/TRACE] [REI] [REIPlugin START] Reloading Section: "post-stage/FluidComparatorRegistryImpl/"
[19:43:32] [main/TRACE] [REI] [REIPlugin START] Reloading Section: "post-stage/FluidComparatorRegistryImpl/" done in 54.89 μs
[19:43:32] [main/TRACE] [REI] [REIPlugin START] Reloading Section: "post-stage/DisplaySerializerRegistryImpl/"
[19:43:32] [main/TRACE] [REI] [REIPlugin START] Reloading Section: "post-stage/DisplaySerializerRegistryImpl/" done in 49.84 μs
[19:43:32] [main/TRACE] [REI] [REIPlugin START] Reloading Section: "post-stage/FluidSupportProviderImpl/"
[19:43:32] [main/TRACE] [REI] [REIPlugin START] Reloading Section: "post-stage/FluidSupportProviderImpl/" done in 73.28 μs
[19:43:32] [main/TRACE] [REI] [REIPlugin START] Reloading Section: "post-stage/" done in 1.120 ms
[19:43:32] [main/DEBUG] [REI] ========================================
[19:43:32] [main/INFO] [REI] REIPlugin finished post-reload for START in 2.318 ms, totaling 41.32 ms.
[19:43:32] [main/DEBUG] [REI] ========================================
[19:43:32] [main/DEBUG] [REI] ========================================
[19:43:32] [main/DEBUG] [REI] REIServerPlugin starting post-reload for START.
[19:43:32] [main/DEBUG] [REI] Reloadables (2):
[19:43:32] [main/DEBUG] [REI]  - MenuInfoRegistryImpl
[19:43:32] [main/DEBUG] [REI]  - SlotAccessorRegistryImpl
[19:43:32] [main/DEBUG] [REI] Plugins (2):
[19:43:32] [main/DEBUG] [REI]  - (-100.00) DefaultPluginImpl of DefaultPluginImpl [roughlyenoughitems]
[19:43:32] [main/DEBUG] [REI]  - (0.00) DefaultRuntimePlugin of DefaultRuntimePlugin [roughlyenoughitems]
[19:43:32] [main/DEBUG] [REI] ========================================
[19:43:32] [main/TRACE] [REI] [REIServerPlugin START] Reloading Section: "post-register/"
[19:43:32] [main/TRACE] [REI] [REIServerPlugin START] Reloading Section: "post-register/DefaultPluginImpl of DefaultPluginImpl [roughlyenoughitems]/"
[19:43:32] [main/TRACE] [REI] [REIServerPlugin START] Reloading Section: "post-register/DefaultPluginImpl of DefaultPluginImpl [roughlyenoughitems]/" done in 49.97 μs
[19:43:32] [main/TRACE] [REI] [REIServerPlugin START] Reloading Section: "post-register/DefaultRuntimePlugin of DefaultRuntimePlugin [roughlyenoughitems]/"
[19:43:32] [main/TRACE] [REI] [REIServerPlugin START] Reloading Section: "post-register/DefaultRuntimePlugin of DefaultRuntimePlugin [roughlyenoughitems]/" done in 52.09 μs
[19:43:32] [main/TRACE] [REI] [REIServerPlugin START] Reloading Section: "post-register/" done in 351.5 μs
[19:43:32] [main/TRACE] [REI] [REIServerPlugin START] Reloading Section: "post-stage/"
[19:43:32] [main/TRACE] [REI] [REIServerPlugin START] Reloading Section: "post-stage/MenuInfoRegistryImpl/"
[19:43:32] [main/TRACE] [REI] [REIServerPlugin START] Reloading Section: "post-stage/MenuInfoRegistryImpl/" done in 60.73 μs
[19:43:32] [main/TRACE] [REI] [REIServerPlugin START] Reloading Section: "post-stage/SlotAccessorRegistryImpl/"
[19:43:32] [main/TRACE] [REI] [REIServerPlugin START] Reloading Section: "post-stage/SlotAccessorRegistryImpl/" done in 49.57 μs
[19:43:32] [main/TRACE] [REI] [REIServerPlugin START] Reloading Section: "post-stage/" done in 327.8 μs
[19:43:32] [main/DEBUG] [REI] ========================================
[19:43:32] [main/INFO] [REI] REIServerPlugin finished post-reload for START in 840.5 μs, totaling 6.966 ms.
[19:43:32] [main/DEBUG] [REI] ========================================
[19:43:32] [main/DEBUG] [REI] ========================================
[19:43:32] [main/DEBUG] [REI] REIPlugin starting pre-reload for END.
[19:43:32] [main/DEBUG] [REI] Reloadables (7):
[19:43:32] [main/DEBUG] [REI]  - EntryTypeRegistryImpl
[19:43:32] [main/DEBUG] [REI]  - EntrySettingsAdapterRegistryImpl
[19:43:32] [main/DEBUG] [REI]  - RecipeManagerContextImpl
[19:43:32] [main/DEBUG] [REI]  - ItemComparatorRegistryImpl
[19:43:32] [main/DEBUG] [REI]  - FluidComparatorRegistryImpl
[19:43:32] [main/DEBUG] [REI]  - DisplaySerializerRegistryImpl
[19:43:32] [main/DEBUG] [REI]  - FluidSupportProviderImpl
[19:43:32] [main/DEBUG] [REI] Plugins (2):
[19:43:32] [main/DEBUG] [REI]  - (-100.00) DefaultPluginImpl of DefaultPluginImpl [roughlyenoughitems]
[19:43:32] [main/DEBUG] [REI]  - (0.00) DefaultRuntimePlugin of DefaultRuntimePlugin [roughlyenoughitems]
[19:43:32] [main/DEBUG] [REI] ========================================
[19:43:32] [main/TRACE] [REI] [REIPlugin END] Reloading Section: "pre-register/"
[19:43:32] [main/TRACE] [REI] [REIPlugin END] Reloading Section: "pre-register/DefaultPluginImpl of DefaultPluginImpl [roughlyenoughitems]/"
[19:43:32] [main/TRACE] [REI] [REIPlugin END] Reloading Section: "pre-register/DefaultPluginImpl of DefaultPluginImpl [roughlyenoughitems]/" done in 57.16 μs
[19:43:32] [main/TRACE] [REI] [REIPlugin END] Reloading Section: "pre-register/DefaultRuntimePlugin of DefaultRuntimePlugin [roughlyenoughitems]/"
[19:43:32] [main/TRACE] [REI] [REIPlugin END] Reloading Section: "pre-register/DefaultRuntimePlugin of DefaultRuntimePlugin [roughlyenoughitems]/" done in 72.92 μs
[19:43:32] [main/TRACE] [REI] [REIPlugin END] Reloading Section: "pre-register/" done in 644.5 μs
[19:43:32] [main/TRACE] [REI] [REIPlugin END] Reloading Section: "pre-stage/"
[19:43:32] [main/TRACE] [REI] [REIPlugin END] Reloading Section: "pre-stage/EntryTypeRegistryImpl/"
[19:43:32] [main/TRACE] [REI] [REIPlugin END] Reloading Section: "pre-stage/EntryTypeRegistryImpl/" done in 65.00 μs
[19:43:32] [main/TRACE] [REI] [REIPlugin END] Reloading Section: "pre-stage/EntrySettingsAdapterRegistryImpl/"
[19:43:32] [main/TRACE] [REI] [REIPlugin END] Reloading Section: "pre-stage/EntrySettingsAdapterRegistryImpl/" done in 54.70 μs
[19:43:32] [main/TRACE] [REI] [REIPlugin END] Reloading Section: "pre-stage/RecipeManagerContextImpl/"
[19:43:32] [main/TRACE] [REI] [REIPlugin END] Reloading Section: "pre-stage/RecipeManagerContextImpl/" done in 71.59 μs
[19:43:32] [main/TRACE] [REI] [REIPlugin END] Reloading Section: "pre-stage/ItemComparatorRegistryImpl/"
[19:43:32] [main/TRACE] [REI] [REIPlugin END] Reloading Section: "pre-stage/ItemComparatorRegistryImpl/" done in 53.25 μs
[19:43:32] [main/TRACE] [REI] [REIPlugin END] Reloading Section: "pre-stage/FluidComparatorRegistryImpl/"
[19:43:32] [main/TRACE] [REI] [REIPlugin END] Reloading Section: "pre-stage/FluidComparatorRegistryImpl/" done in 245.5 μs
[19:43:32] [main/TRACE] [REI] [REIPlugin END] Reloading Section: "pre-stage/DisplaySerializerRegistryImpl/"
[19:43:32] [main/TRACE] [REI] [REIPlugin END] Reloading Section: "pre-stage/DisplaySerializerRegistryImpl/" done in 191.3 μs
[19:43:32] [main/TRACE] [REI] [REIPlugin END] Reloading Section: "pre-stage/FluidSupportProviderImpl/"
[19:43:32] [main/TRACE] [REI] [REIPlugin END] Reloading Section: "pre-stage/FluidSupportProviderImpl/" done in 230.1 μs
[19:43:32] [main/TRACE] [REI] [REIPlugin END] Reloading Section: "pre-stage/" done in 2.786 ms
[19:43:32] [main/DEBUG] [REI] ========================================
[19:43:32] [main/DEBUG] [REI] REIPlugin finished pre-reload for END in 3.742 ms.
[19:43:32] [main/DEBUG] [REI] ========================================
[19:43:32] [main/DEBUG] [REI] ========================================
[19:43:32] [main/DEBUG] [REI] REIServerPlugin starting pre-reload for END.
[19:43:32] [main/DEBUG] [REI] Reloadables (2):
[19:43:32] [main/DEBUG] [REI]  - MenuInfoRegistryImpl
[19:43:32] [main/DEBUG] [REI]  - SlotAccessorRegistryImpl
[19:43:32] [main/DEBUG] [REI] Plugins (2):
[19:43:32] [main/DEBUG] [REI]  - (-100.00) DefaultPluginImpl of DefaultPluginImpl [roughlyenoughitems]
[19:43:32] [main/DEBUG] [REI]  - (0.00) DefaultRuntimePlugin of DefaultRuntimePlugin [roughlyenoughitems]
[19:43:32] [main/DEBUG] [REI] ========================================
[19:43:32] [main/TRACE] [REI] [REIServerPlugin END] Reloading Section: "pre-register/"
[19:43:32] [main/TRACE] [REI] [REIServerPlugin END] Reloading Section: "pre-register/DefaultPluginImpl of DefaultPluginImpl [roughlyenoughitems]/"
[19:43:32] [main/TRACE] [REI] [REIServerPlugin END] Reloading Section: "pre-register/DefaultPluginImpl of DefaultPluginImpl [roughlyenoughitems]/" done in 283.6 μs
[19:43:32] [main/TRACE] [REI] [REIServerPlugin END] Reloading Section: "pre-register/DefaultRuntimePlugin of DefaultRuntimePlugin [roughlyenoughitems]/"
[19:43:32] [main/TRACE] [REI] [REIServerPlugin END] Reloading Section: "pre-register/DefaultRuntimePlugin of DefaultRuntimePlugin [roughlyenoughitems]/" done in 152.5 μs
[19:43:32] [main/TRACE] [REI] [REIServerPlugin END] Reloading Section: "pre-register/" done in 965.9 μs
[19:43:32] [main/TRACE] [REI] [REIServerPlugin END] Reloading Section: "pre-stage/"
[19:43:32] [main/TRACE] [REI] [REIServerPlugin END] Reloading Section: "pre-stage/MenuInfoRegistryImpl/"
[19:43:32] [main/TRACE] [REI] [REIServerPlugin END] Reloading Section: "pre-stage/MenuInfoRegistryImpl/" done in 70.69 μs
[19:43:32] [main/TRACE] [REI] [REIServerPlugin END] Reloading Section: "pre-stage/SlotAccessorRegistryImpl/"
[19:43:32] [main/TRACE] [REI] [REIServerPlugin END] Reloading Section: "pre-stage/SlotAccessorRegistryImpl/" done in 149.1 μs
[19:43:32] [main/TRACE] [REI] [REIServerPlugin END] Reloading Section: "pre-stage/" done in 899.7 μs
[19:43:32] [main/DEBUG] [REI] ========================================
[19:43:32] [main/DEBUG] [REI] REIServerPlugin finished pre-reload for END in 2.221 ms.
[19:43:32] [main/DEBUG] [REI] ========================================
[19:43:32] [main/INFO] [REI] %%%%%%%%%%%%%%%%%%%%%%%%%%%%%%%%%%%%%%%%
[19:43:32] [main/INFO] [REI] REIPlugin starting main-reload for END.
[19:43:32] [main/DEBUG] [REI] Reloadables (7):
[19:43:32] [main/DEBUG] [REI]  - EntryTypeRegistryImpl
[19:43:32] [main/DEBUG] [REI]  - EntrySettingsAdapterRegistryImpl
[19:43:32] [main/DEBUG] [REI]  - RecipeManagerContextImpl
[19:43:32] [main/DEBUG] [REI]  - ItemComparatorRegistryImpl
[19:43:32] [main/DEBUG] [REI]  - FluidComparatorRegistryImpl
[19:43:32] [main/DEBUG] [REI]  - DisplaySerializerRegistryImpl
[19:43:32] [main/DEBUG] [REI]  - FluidSupportProviderImpl
[19:43:32] [main/INFO] [REI] Plugins (2):
[19:43:32] [main/INFO] [REI]  - (-100.00) DefaultPluginImpl of DefaultPluginImpl [roughlyenoughitems]
[19:43:32] [main/INFO] [REI]  - (0.00) DefaultRuntimePlugin of DefaultRuntimePlugin [roughlyenoughitems]
[19:43:32] [main/INFO] [REI] %%%%%%%%%%%%%%%%%%%%%%%%%%%%%%%%%%%%%%%%
[19:43:32] [main/TRACE] [REI] [REIPlugin END] Reloading Section: "start-reload/"
[19:43:32] [main/TRACE] [REI] [REIPlugin END] Reloading Section: "start-reload/EntryTypeRegistryImpl/"
[19:43:32] [main/TRACE] [REI] [REIPlugin END] Reloading Section: "start-reload/EntryTypeRegistryImpl/" done in 71.06 μs
[19:43:32] [main/TRACE] [REI] [REIPlugin END] Reloading Section: "start-reload/EntrySettingsAdapterRegistryImpl/"
[19:43:32] [main/TRACE] [REI] [REIPlugin END] Reloading Section: "start-reload/EntrySettingsAdapterRegistryImpl/" done in 105.8 μs
[19:43:32] [main/TRACE] [REI] [REIPlugin END] Reloading Section: "start-reload/RecipeManagerContextImpl/"
[19:43:32] [main/TRACE] [REI] [REIPlugin END] Reloading Section: "start-reload/RecipeManagerContextImpl/" done in 105.8 μs
[19:43:32] [main/TRACE] [REI] [REIPlugin END] Reloading Section: "start-reload/ItemComparatorRegistryImpl/"
[19:43:32] [main/TRACE] [REI] [REIPlugin END] Reloading Section: "start-reload/ItemComparatorRegistryImpl/" done in 95.33 μs
[19:43:32] [main/TRACE] [REI] [REIPlugin END] Reloading Section: "start-reload/FluidComparatorRegistryImpl/"
[19:43:32] [main/TRACE] [REI] [REIPlugin END] Reloading Section: "start-reload/FluidComparatorRegistryImpl/" done in 72.94 μs
[19:43:32] [main/TRACE] [REI] [REIPlugin END] Reloading Section: "start-reload/DisplaySerializerRegistryImpl/"
[19:43:32] [main/TRACE] [REI] [REIPlugin END] Reloading Section: "start-reload/DisplaySerializerRegistryImpl/" done in 92.79 μs
[19:43:32] [main/TRACE] [REI] [REIPlugin END] Reloading Section: "start-reload/FluidSupportProviderImpl/"
[19:43:32] [main/TRACE] [REI] [REIPlugin END] Reloading Section: "start-reload/FluidSupportProviderImpl/" done in 67.56 μs
[19:43:32] [main/TRACE] [REI] [REIPlugin END] Reloading Section: "start-reload/" done in 1.535 ms
[19:43:32] [main/DEBUG] [REI] ========================================
[19:43:32] [main/DEBUG] [REI] REIPlugin started main-reload for END.
[19:43:32] [main/DEBUG] [REI] ========================================
[19:43:32] [main/TRACE] [REI] [REIPlugin END] Reloading Section: "reloadable-plugin/EntryTypeRegistryImpl/"
[19:43:32] [main/TRACE] [REI] [REIPlugin END] Reloading Section: "reloadable-plugin/EntryTypeRegistryImpl/DefaultPluginImpl of DefaultPluginImpl [roughlyenoughitems]/"
[19:43:32] [main/TRACE] [REI] [REIPlugin END] Reloading Section: "reloadable-plugin/EntryTypeRegistryImpl/DefaultPluginImpl of DefaultPluginImpl [roughlyenoughitems]/" done in 73.21 μs
[19:43:32] [main/TRACE] [REI] [REIPlugin END] Reloading Section: "reloadable-plugin/EntryTypeRegistryImpl/DefaultRuntimePlugin of DefaultRuntimePlugin [roughlyenoughitems]/"
[19:43:32] [main/TRACE] [REI] [REIPlugin END] Reloading Section: "reloadable-plugin/EntryTypeRegistryImpl/DefaultRuntimePlugin of DefaultRuntimePlugin [roughlyenoughitems]/" done in 52.44 μs
[19:43:32] [main/TRACE] [REI] [REIPlugin END] Reloading Section: "reloadable-plugin/EntryTypeRegistryImpl/" done in 358.8 μs
[19:43:32] [main/TRACE] [REI] [REIPlugin END] Reloading Section: "reloadable-plugin/EntrySettingsAdapterRegistryImpl/"
[19:43:32] [main/TRACE] [REI] [REIPlugin END] Reloading Section: "reloadable-plugin/EntrySettingsAdapterRegistryImpl/DefaultPluginImpl of DefaultPluginImpl [roughlyenoughitems]/"
[19:43:32] [main/TRACE] [REI] [REIPlugin END] Reloading Section: "reloadable-plugin/EntrySettingsAdapterRegistryImpl/DefaultPluginImpl of DefaultPluginImpl [roughlyenoughitems]/" done in 62.25 μs
[19:43:32] [main/TRACE] [REI] [REIPlugin END] Reloading Section: "reloadable-plugin/EntrySettingsAdapterRegistryImpl/DefaultRuntimePlugin of DefaultRuntimePlugin [roughlyenoughitems]/"
[19:43:32] [main/TRACE] [REI] [REIPlugin END] Reloading Section: "reloadable-plugin/EntrySettingsAdapterRegistryImpl/DefaultRuntimePlugin of DefaultRuntimePlugin [roughlyenoughitems]/" done in 58.37 μs
[19:43:32] [main/TRACE] [REI] [REIPlugin END] Reloading Section: "reloadable-plugin/EntrySettingsAdapterRegistryImpl/" done in 385.5 μs
[19:43:32] [main/TRACE] [REI] [REIPlugin END] Reloading Section: "reloadable-plugin/RecipeManagerContextImpl/"
[19:43:32] [main/TRACE] [REI] [REIPlugin END] Reloading Section: "reloadable-plugin/RecipeManagerContextImpl/DefaultPluginImpl of DefaultPluginImpl [roughlyenoughitems]/"
[19:43:32] [main/TRACE] [REI] [REIPlugin END] Reloading Section: "reloadable-plugin/RecipeManagerContextImpl/DefaultPluginImpl of DefaultPluginImpl [roughlyenoughitems]/" done in 53.90 μs
[19:43:32] [main/TRACE] [REI] [REIPlugin END] Reloading Section: "reloadable-plugin/RecipeManagerContextImpl/DefaultRuntimePlugin of DefaultRuntimePlugin [roughlyenoughitems]/"
[19:43:32] [main/TRACE] [REI] [REIPlugin END] Reloading Section: "reloadable-plugin/RecipeManagerContextImpl/DefaultRuntimePlugin of DefaultRuntimePlugin [roughlyenoughitems]/" done in 81.33 μs
[19:43:32] [main/TRACE] [REI] [REIPlugin END] Reloading Section: "reloadable-plugin/RecipeManagerContextImpl/" done in 429.9 μs
[19:43:32] [main/TRACE] [REI] [REIPlugin END] Reloading Section: "reloadable-plugin/ItemComparatorRegistryImpl/"
[19:43:32] [main/TRACE] [REI] [REIPlugin END] Reloading Section: "reloadable-plugin/ItemComparatorRegistryImpl/DefaultPluginImpl of DefaultPluginImpl [roughlyenoughitems]/"
[19:43:32] [main/TRACE] [REI] [REIPlugin END] Reloading Section: "reloadable-plugin/ItemComparatorRegistryImpl/DefaultPluginImpl of DefaultPluginImpl [roughlyenoughitems]/" done in 54.58 μs
[19:43:32] [main/TRACE] [REI] [REIPlugin END] Reloading Section: "reloadable-plugin/ItemComparatorRegistryImpl/DefaultRuntimePlugin of DefaultRuntimePlugin [roughlyenoughitems]/"
[19:43:32] [main/TRACE] [REI] [REIPlugin END] Reloading Section: "reloadable-plugin/ItemComparatorRegistryImpl/DefaultRuntimePlugin of DefaultRuntimePlugin [roughlyenoughitems]/" done in 47.23 μs
[19:43:32] [main/TRACE] [REI] [REIPlugin END] Reloading Section: "reloadable-plugin/ItemComparatorRegistryImpl/" done in 435.1 μs
[19:43:32] [main/TRACE] [REI] [REIPlugin END] Reloading Section: "reloadable-plugin/FluidComparatorRegistryImpl/"
[19:43:32] [main/TRACE] [REI] [REIPlugin END] Reloading Section: "reloadable-plugin/FluidComparatorRegistryImpl/DefaultPluginImpl of DefaultPluginImpl [roughlyenoughitems]/"
[19:43:32] [main/TRACE] [REI] [REIPlugin END] Reloading Section: "reloadable-plugin/FluidComparatorRegistryImpl/DefaultPluginImpl of DefaultPluginImpl [roughlyenoughitems]/" done in 50.39 μs
[19:43:32] [main/TRACE] [REI] [REIPlugin END] Reloading Section: "reloadable-plugin/FluidComparatorRegistryImpl/DefaultRuntimePlugin of DefaultRuntimePlugin [roughlyenoughitems]/"
[19:43:32] [main/TRACE] [REI] [REIPlugin END] Reloading Section: "reloadable-plugin/FluidComparatorRegistryImpl/DefaultRuntimePlugin of DefaultRuntimePlugin [roughlyenoughitems]/" done in 47.38 μs
[19:43:32] [main/TRACE] [REI] [REIPlugin END] Reloading Section: "reloadable-plugin/FluidComparatorRegistryImpl/" done in 320.0 μs
[19:43:32] [main/TRACE] [REI] [REIPlugin END] Reloading Section: "reloadable-plugin/DisplaySerializerRegistryImpl/"
[19:43:32] [main/TRACE] [REI] [REIPlugin END] Reloading Section: "reloadable-plugin/DisplaySerializerRegistryImpl/DefaultPluginImpl of DefaultPluginImpl [roughlyenoughitems]/"
[19:43:32] [main/TRACE] [REI] [REIPlugin END] Reloading Section: "reloadable-plugin/DisplaySerializerRegistryImpl/DefaultPluginImpl of DefaultPluginImpl [roughlyenoughitems]/" done in 13.71 ms
[19:43:32] [main/TRACE] [REI] [REIPlugin END] Reloading Section: "reloadable-plugin/DisplaySerializerRegistryImpl/DefaultRuntimePlugin of DefaultRuntimePlugin [roughlyenoughitems]/"
[19:43:32] [main/TRACE] [REI] [REIPlugin END] Reloading Section: "reloadable-plugin/DisplaySerializerRegistryImpl/DefaultRuntimePlugin of DefaultRuntimePlugin [roughlyenoughitems]/" done in 48.76 μs
[19:43:32] [main/TRACE] [REI] [REIPlugin END] Reloading Section: "reloadable-plugin/DisplaySerializerRegistryImpl/" done in 14.04 ms
[19:43:32] [main/TRACE] [REI] [REIPlugin END] Reloading Section: "reloadable-plugin/FluidSupportProviderImpl/"
[19:43:32] [main/TRACE] [REI] [REIPlugin END] Reloading Section: "reloadable-plugin/FluidSupportProviderImpl/DefaultPluginImpl of DefaultPluginImpl [roughlyenoughitems]/"
[19:43:32] [main/TRACE] [REI] [REIPlugin END] Reloading Section: "reloadable-plugin/FluidSupportProviderImpl/DefaultPluginImpl of DefaultPluginImpl [roughlyenoughitems]/" done in 40.12 μs
[19:43:32] [main/TRACE] [REI] [REIPlugin END] Reloading Section: "reloadable-plugin/FluidSupportProviderImpl/DefaultRuntimePlugin of DefaultRuntimePlugin [roughlyenoughitems]/"
[19:43:32] [main/TRACE] [REI] [REIPlugin END] Reloading Section: "reloadable-plugin/FluidSupportProviderImpl/DefaultRuntimePlugin of DefaultRuntimePlugin [roughlyenoughitems]/" done in 78.06 μs
[19:43:32] [main/TRACE] [REI] [REIPlugin END] Reloading Section: "reloadable-plugin/FluidSupportProviderImpl/" done in 346.2 μs
[19:43:32] [main/DEBUG] [REI] ========================================
[19:43:32] [main/DEBUG] [REI] REIPlugin ending main-reload for END.
[19:43:32] [main/DEBUG] [REI] ========================================
[19:43:32] [main/TRACE] [REI] [REIPlugin END] Reloading Section: "end-reload/"
[19:43:32] [main/TRACE] [REI] [REIPlugin END] Reloading Section: "end-reload/EntryTypeRegistryImpl/"
[19:43:32] [main/TRACE] [REI] [REIPlugin END] Reloading Section: "end-reload/EntryTypeRegistryImpl/" done in 34.18 μs
[19:43:32] [main/TRACE] [REI] [REIPlugin END] Reloading Section: "end-reload/EntrySettingsAdapterRegistryImpl/"
[19:43:32] [main/TRACE] [REI] [REIPlugin END] Reloading Section: "end-reload/EntrySettingsAdapterRegistryImpl/" done in 39.01 μs
[19:43:32] [main/TRACE] [REI] [REIPlugin END] Reloading Section: "end-reload/RecipeManagerContextImpl/"
[19:43:32] [main/TRACE] [REI] [REIPlugin END] Reloading Section: "end-reload/RecipeManagerContextImpl/" done in 37.97 μs
[19:43:32] [main/TRACE] [REI] [REIPlugin END] Reloading Section: "end-reload/ItemComparatorRegistryImpl/"
[19:43:32] [main/TRACE] [REI] [REIPlugin END] Reloading Section: "end-reload/ItemComparatorRegistryImpl/" done in 53.73 μs
[19:43:32] [main/TRACE] [REI] [REIPlugin END] Reloading Section: "end-reload/FluidComparatorRegistryImpl/"
[19:43:32] [main/TRACE] [REI] [REIPlugin END] Reloading Section: "end-reload/FluidComparatorRegistryImpl/" done in 39.26 μs
[19:43:32] [main/TRACE] [REI] [REIPlugin END] Reloading Section: "end-reload/DisplaySerializerRegistryImpl/"
[19:43:32] [main/TRACE] [REI] [REIPlugin END] Reloading Section: "end-reload/DisplaySerializerRegistryImpl/" done in 35.46 μs
[19:43:32] [main/TRACE] [REI] [REIPlugin END] Reloading Section: "end-reload/FluidSupportProviderImpl/"
[19:43:32] [main/TRACE] [REI] [REIPlugin END] Reloading Section: "end-reload/FluidSupportProviderImpl/" done in 34.15 μs
[19:43:32] [main/TRACE] [REI] [REIPlugin END] Reloading Section: "end-reload/" done in 844.9 μs
[19:43:32] [main/DEBUG] [REI] ========================================
[19:43:32] [main/DEBUG] [REI] REIPlugin ended main-reload for END in 25.44 ms.
[19:43:32] [main/DEBUG] [REI] ========================================
[19:43:32] [main/INFO] [REI] ****************************************
[19:43:32] [main/INFO] [REI] REIServerPlugin starting main-reload for END.
[19:43:32] [main/DEBUG] [REI] Reloadables (2):
[19:43:32] [main/DEBUG] [REI]  - MenuInfoRegistryImpl
[19:43:32] [main/DEBUG] [REI]  - SlotAccessorRegistryImpl
[19:43:32] [main/INFO] [REI] Plugins (2):
[19:43:32] [main/INFO] [REI]  - (-100.00) DefaultPluginImpl of DefaultPluginImpl [roughlyenoughitems]
[19:43:32] [main/INFO] [REI]  - (0.00) DefaultRuntimePlugin of DefaultRuntimePlugin [roughlyenoughitems]
[19:43:32] [main/INFO] [REI] ****************************************
[19:43:32] [main/TRACE] [REI] [REIServerPlugin END] Reloading Section: "start-reload/"
[19:43:32] [main/TRACE] [REI] [REIServerPlugin END] Reloading Section: "start-reload/MenuInfoRegistryImpl/"
[19:43:32] [main/TRACE] [REI] [REIServerPlugin END] Reloading Section: "start-reload/MenuInfoRegistryImpl/" done in 49.82 μs
[19:43:32] [main/TRACE] [REI] [REIServerPlugin END] Reloading Section: "start-reload/SlotAccessorRegistryImpl/"
[19:43:32] [main/TRACE] [REI] [REIServerPlugin END] Reloading Section: "start-reload/SlotAccessorRegistryImpl/" done in 47.06 μs
[19:43:32] [main/TRACE] [REI] [REIServerPlugin END] Reloading Section: "start-reload/" done in 353.4 μs
[19:43:32] [main/DEBUG] [REI] ========================================
[19:43:32] [main/DEBUG] [REI] REIServerPlugin started main-reload for END.
[19:43:32] [main/DEBUG] [REI] ========================================
[19:43:32] [main/TRACE] [REI] [REIServerPlugin END] Reloading Section: "reloadable-plugin/MenuInfoRegistryImpl/"
[19:43:32] [main/TRACE] [REI] [REIServerPlugin END] Reloading Section: "reloadable-plugin/MenuInfoRegistryImpl/DefaultPluginImpl of DefaultPluginImpl [roughlyenoughitems]/"
[19:43:32] [main/TRACE] [REI] [REIServerPlugin END] Reloading Section: "reloadable-plugin/MenuInfoRegistryImpl/DefaultPluginImpl of DefaultPluginImpl [roughlyenoughitems]/" done in 54.84 μs
[19:43:32] [main/TRACE] [REI] [REIServerPlugin END] Reloading Section: "reloadable-plugin/MenuInfoRegistryImpl/DefaultRuntimePlugin of DefaultRuntimePlugin [roughlyenoughitems]/"
[19:43:32] [main/TRACE] [REI] [REIServerPlugin END] Reloading Section: "reloadable-plugin/MenuInfoRegistryImpl/DefaultRuntimePlugin of DefaultRuntimePlugin [roughlyenoughitems]/" done in 41.91 μs
[19:43:32] [main/TRACE] [REI] [REIServerPlugin END] Reloading Section: "reloadable-plugin/MenuInfoRegistryImpl/" done in 294.3 μs
[19:43:32] [main/TRACE] [REI] [REIServerPlugin END] Reloading Section: "reloadable-plugin/SlotAccessorRegistryImpl/"
[19:43:32] [main/TRACE] [REI] [REIServerPlugin END] Reloading Section: "reloadable-plugin/SlotAccessorRegistryImpl/DefaultPluginImpl of DefaultPluginImpl [roughlyenoughitems]/"
[19:43:32] [main/TRACE] [REI] [REIServerPlugin END] Reloading Section: "reloadable-plugin/SlotAccessorRegistryImpl/DefaultPluginImpl of DefaultPluginImpl [roughlyenoughitems]/" done in 54.78 μs
[19:43:32] [main/TRACE] [REI] [REIServerPlugin END] Reloading Section: "reloadable-plugin/SlotAccessorRegistryImpl/DefaultRuntimePlugin of DefaultRuntimePlugin [roughlyenoughitems]/"
[19:43:32] [main/DEBUG] [REI] Added slot accessor serializer: me.shedaniel.rei.plugin.common.runtime.DefaultRuntimePlugin$1@5a78c81b [roughlyenoughitems:vanilla]
[19:43:32] [main/DEBUG] [REI] Added slot accessor serializer: me.shedaniel.rei.plugin.common.runtime.DefaultRuntimePlugin$2@655292 [roughlyenoughitems:player]
[19:43:32] [main/TRACE] [REI] [REIServerPlugin END] Reloading Section: "reloadable-plugin/SlotAccessorRegistryImpl/DefaultRuntimePlugin of DefaultRuntimePlugin [roughlyenoughitems]/" done in 1.384 ms
[19:43:32] [main/TRACE] [REI] [REIServerPlugin END] Reloading Section: "reloadable-plugin/SlotAccessorRegistryImpl/" done in 1.662 ms
[19:43:32] [main/DEBUG] [REI] ========================================
[19:43:32] [main/DEBUG] [REI] REIServerPlugin ending main-reload for END.
[19:43:32] [main/DEBUG] [REI] ========================================
[19:43:32] [main/TRACE] [REI] [REIServerPlugin END] Reloading Section: "end-reload/"
[19:43:32] [main/TRACE] [REI] [REIServerPlugin END] Reloading Section: "end-reload/MenuInfoRegistryImpl/"
[19:43:32] [main/DEBUG] [REI] Registered 0 menu infos
[19:43:32] [main/TRACE] [REI] [REIServerPlugin END] Reloading Section: "end-reload/MenuInfoRegistryImpl/" done in 232.2 μs
[19:43:32] [main/TRACE] [REI] [REIServerPlugin END] Reloading Section: "end-reload/SlotAccessorRegistryImpl/"
[19:43:32] [main/DEBUG] [REI] Registered 2 slot accessor serializers
[19:43:32] [main/TRACE] [REI] [REIServerPlugin END] Reloading Section: "end-reload/SlotAccessorRegistryImpl/" done in 139.0 μs
[19:43:32] [main/TRACE] [REI] [REIServerPlugin END] Reloading Section: "end-reload/" done in 605.6 μs
[19:43:32] [main/DEBUG] [REI] ========================================
[19:43:32] [main/DEBUG] [REI] REIServerPlugin ended main-reload for END in 5.238 ms.
[19:43:32] [main/DEBUG] [REI] ========================================
[19:43:32] [main/DEBUG] [REI] ========================================
[19:43:32] [main/DEBUG] [REI] REIPlugin starting post-reload for END.
[19:43:32] [main/DEBUG] [REI] Reloadables (7):
[19:43:32] [main/DEBUG] [REI]  - EntryTypeRegistryImpl
[19:43:32] [main/DEBUG] [REI]  - EntrySettingsAdapterRegistryImpl
[19:43:32] [main/DEBUG] [REI]  - RecipeManagerContextImpl
[19:43:32] [main/DEBUG] [REI]  - ItemComparatorRegistryImpl
[19:43:32] [main/DEBUG] [REI]  - FluidComparatorRegistryImpl
[19:43:32] [main/DEBUG] [REI]  - DisplaySerializerRegistryImpl
[19:43:32] [main/DEBUG] [REI]  - FluidSupportProviderImpl
[19:43:32] [main/DEBUG] [REI] Plugins (2):
[19:43:32] [main/DEBUG] [REI]  - (-100.00) DefaultPluginImpl of DefaultPluginImpl [roughlyenoughitems]
[19:43:32] [main/DEBUG] [REI]  - (0.00) DefaultRuntimePlugin of DefaultRuntimePlugin [roughlyenoughitems]
[19:43:32] [main/DEBUG] [REI] ========================================
[19:43:32] [main/TRACE] [REI] [REIPlugin END] Reloading Section: "post-register/"
[19:43:32] [main/TRACE] [REI] [REIPlugin END] Reloading Section: "post-register/DefaultPluginImpl of DefaultPluginImpl [roughlyenoughitems]/"
[19:43:32] [main/TRACE] [REI] [REIPlugin END] Reloading Section: "post-register/DefaultPluginImpl of DefaultPluginImpl [roughlyenoughitems]/" done in 32.23 μs
[19:43:32] [main/TRACE] [REI] [REIPlugin END] Reloading Section: "post-register/DefaultRuntimePlugin of DefaultRuntimePlugin [roughlyenoughitems]/"
[19:43:32] [main/TRACE] [REI] [REIPlugin END] Reloading Section: "post-register/DefaultRuntimePlugin of DefaultRuntimePlugin [roughlyenoughitems]/" done in 49.00 μs
[19:43:32] [main/TRACE] [REI] [REIPlugin END] Reloading Section: "post-register/" done in 361.3 μs
[19:43:32] [main/TRACE] [REI] [REIPlugin END] Reloading Section: "post-stage/"
[19:43:32] [main/TRACE] [REI] [REIPlugin END] Reloading Section: "post-stage/EntryTypeRegistryImpl/"
[19:43:32] [main/TRACE] [REI] [REIPlugin END] Reloading Section: "post-stage/EntryTypeRegistryImpl/" done in 35.61 μs
[19:43:32] [main/TRACE] [REI] [REIPlugin END] Reloading Section: "post-stage/EntrySettingsAdapterRegistryImpl/"
[19:43:32] [main/TRACE] [REI] [REIPlugin END] Reloading Section: "post-stage/EntrySettingsAdapterRegistryImpl/" done in 28.27 μs
[19:43:32] [main/TRACE] [REI] [REIPlugin END] Reloading Section: "post-stage/RecipeManagerContextImpl/"
[19:43:32] [main/TRACE] [REI] [REIPlugin END] Reloading Section: "post-stage/RecipeManagerContextImpl/" done in 30.58 μs
[19:43:32] [main/TRACE] [REI] [REIPlugin END] Reloading Section: "post-stage/ItemComparatorRegistryImpl/"
[19:43:32] [main/TRACE] [REI] [REIPlugin END] Reloading Section: "post-stage/ItemComparatorRegistryImpl/" done in 29.94 μs
[19:43:32] [main/TRACE] [REI] [REIPlugin END] Reloading Section: "post-stage/FluidComparatorRegistryImpl/"
[19:43:32] [main/TRACE] [REI] [REIPlugin END] Reloading Section: "post-stage/FluidComparatorRegistryImpl/" done in 26.95 μs
[19:43:32] [main/TRACE] [REI] [REIPlugin END] Reloading Section: "post-stage/DisplaySerializerRegistryImpl/"
[19:43:32] [main/TRACE] [REI] [REIPlugin END] Reloading Section: "post-stage/DisplaySerializerRegistryImpl/" done in 28.63 μs
[19:43:32] [main/TRACE] [REI] [REIPlugin END] Reloading Section: "post-stage/FluidSupportProviderImpl/"
[19:43:32] [main/TRACE] [REI] [REIPlugin END] Reloading Section: "post-stage/FluidSupportProviderImpl/" done in 34.10 μs
[19:43:32] [main/TRACE] [REI] [REIPlugin END] Reloading Section: "post-stage/" done in 625.2 μs
[19:43:32] [main/DEBUG] [REI] ========================================
[19:43:32] [main/INFO] [REI] REIPlugin finished post-reload for END in 1.088 ms, totaling 30.20 ms.
[19:43:32] [main/DEBUG] [REI] ========================================
[19:43:32] [main/DEBUG] [REI] ========================================
[19:43:32] [main/DEBUG] [REI] REIServerPlugin starting post-reload for END.
[19:43:32] [main/DEBUG] [REI] Reloadables (2):
[19:43:32] [main/DEBUG] [REI]  - MenuInfoRegistryImpl
[19:43:32] [main/DEBUG] [REI]  - SlotAccessorRegistryImpl
[19:43:32] [main/DEBUG] [REI] Plugins (2):
[19:43:32] [main/DEBUG] [REI]  - (-100.00) DefaultPluginImpl of DefaultPluginImpl [roughlyenoughitems]
[19:43:32] [main/DEBUG] [REI]  - (0.00) DefaultRuntimePlugin of DefaultRuntimePlugin [roughlyenoughitems]
[19:43:32] [main/DEBUG] [REI] ========================================
[19:43:32] [main/TRACE] [REI] [REIServerPlugin END] Reloading Section: "post-register/"
[19:43:32] [main/TRACE] [REI] [REIServerPlugin END] Reloading Section: "post-register/DefaultPluginImpl of DefaultPluginImpl [roughlyenoughitems]/"
[19:43:32] [main/TRACE] [REI] [REIServerPlugin END] Reloading Section: "post-register/DefaultPluginImpl of DefaultPluginImpl [roughlyenoughitems]/" done in 40.15 μs
[19:43:32] [main/TRACE] [REI] [REIServerPlugin END] Reloading Section: "post-register/DefaultRuntimePlugin of DefaultRuntimePlugin [roughlyenoughitems]/"
[19:43:32] [main/TRACE] [REI] [REIServerPlugin END] Reloading Section: "post-register/DefaultRuntimePlugin of DefaultRuntimePlugin [roughlyenoughitems]/" done in 41.31 μs
[19:43:32] [main/TRACE] [REI] [REIServerPlugin END] Reloading Section: "post-register/" done in 298.1 μs
[19:43:32] [main/TRACE] [REI] [REIServerPlugin END] Reloading Section: "post-stage/"
[19:43:32] [main/TRACE] [REI] [REIServerPlugin END] Reloading Section: "post-stage/MenuInfoRegistryImpl/"
[19:43:32] [main/TRACE] [REI] [REIServerPlugin END] Reloading Section: "post-stage/MenuInfoRegistryImpl/" done in 36.09 μs
[19:43:32] [main/TRACE] [REI] [REIServerPlugin END] Reloading Section: "post-stage/SlotAccessorRegistryImpl/"
[19:43:32] [main/TRACE] [REI] [REIServerPlugin END] Reloading Section: "post-stage/SlotAccessorRegistryImpl/" done in 36.35 μs
[19:43:32] [main/TRACE] [REI] [REIServerPlugin END] Reloading Section: "post-stage/" done in 220.9 μs
[19:43:32] [main/DEBUG] [REI] ========================================
[19:43:32] [main/INFO] [REI] REIServerPlugin finished post-reload for END in 627.7 μs, totaling 8.032 ms.
[19:43:32] [main/DEBUG] [REI] ========================================
